info: [object Object],[object Object]
2023-06-16T00:34:45.330Z-info: Accept,*/*,User-Agent,node-fetch/1.0 (+https://github.com/bitinn/node-fetch),Accept-Encoding,gzip,deflate,Connection,close,Host,localhost:8087
2023-06-16T00:40:37.672Z-info: Server is listening on port 8087
2023-06-16T00:40:46.522Z-info: Accept,*/*,User-Agent,node-fetch/1.0 (+https://github.com/bitinn/node-fetch),Accept-Encoding,gzip,deflate,Connection,close,Host,localhost:8087
2023-06-16T01:25:50.077Z-info: Server is listening on port 8087
2023-06-16T01:26:20.753Z-info: Server is listening on port 8087
2023-06-16T01:26:25.226Z-info: Accept,*/*,User-Agent,node-fetch/1.0 (+https://github.com/bitinn/node-fetch),Accept-Encoding,gzip,deflate,Connection,close,Host,localhost:8087
2023-06-16T01:27:15.872Z-info: Server is listening on port 8087
2023-06-16T01:28:18.551Z-info: Server is listening on port 8087
2023-06-16T01:28:22.314Z-info: Accept,*/*,User-Agent,node-fetch/1.0 (+https://github.com/bitinn/node-fetch),Accept-Encoding,gzip,deflate,Connection,close,Host,localhost:8087
2023-06-16T01:29:15.315Z-info: Server is listening on port 8087
2023-06-16T01:29:18.959Z-info: Accept,*/*,User-Agent,node-fetch/1.0 (+https://github.com/bitinn/node-fetch),Accept-Encoding,gzip,deflate,Connection,close,Host,localhost:8087
2023-06-16T01:31:50.929Z-info: Server is listening on port 8087
2023-06-16T01:31:53.989Z-info: Accept,*/*,User-Agent,node-fetch/1.0 (+https://github.com/bitinn/node-fetch),Accept-Encoding,gzip,deflate,Connection,close,Host,localhost:8087
2023-06-17T00:13:58.737Z-info: Server is listening on port 8087
2023-06-17T00:16:11.467Z-info: Server is listening on port 8087
2023-06-17T00:20:15.813Z-info: Server is listening on port 8087
2023-06-20T23:13:30.291Z-info: Server is listening on port 8087
2023-06-20T23:19:35.020Z-info: Server is listening on port 8087
2023-06-21T01:56:02.393Z-info: Server is listening on port 8087
2023-06-21T02:07:01.035Z-info: Server is listening on port 8087
2023-06-21T02:58:25.548Z-info: Server is listening on port 8087
2023-06-21T03:00:09.385Z-info: Server is listening on port 8087
2023-06-21T03:02:05.152Z-info: Server is listening on port 8087
2023-06-21T15:53:43.708Z-info: Server is listening on port 8087
2023-06-21T15:55:37.269Z-info: Server is listening on port 8087
2023-06-21T18:41:00.209Z-info: Server is listening on port 8087
2023-06-21T18:54:06.593Z-info: Server is listening on port 8087
2023-06-21T19:21:30.480Z-info: Server is listening on port 8087
2023-06-27T01:14:22.160Z-info: Server is listening on port 8087
2023-06-27T01:19:28.861Z-info: Server is listening on port 8087
2023-06-27T01:21:03.743Z-info: Server is listening on port 8087
2023-06-27T01:21:18.628Z-error: Unexpected token } in JSON at position 98
2023-06-27T01:24:58.386Z-info: Server is listening on port 8087
2023-06-27T01:25:51.454Z-error: Unexpected token } in JSON at position 98
2023-06-27T01:26:13.232Z-error: Unexpected token ' in JSON at position 17
2023-06-27T01:32:39.973Z-info: Server is listening on port 8087
2023-06-27T01:32:51.516Z-error: database "gestion_cita1" does not exist
2023-06-27T01:40:31.322Z-info: Server is listening on port 8087
2023-06-27T01:40:37.456Z-error: database "gestion_cita1" does not exist
2023-06-27T01:40:37.457Z-error: Error creating doctor: error: database "gestion_cita1" does not exist
2023-06-27T01:45:48.385Z-info: Server is listening on port 8087
2023-06-27T01:47:56.525Z-info: Server is listening on port 8087
2023-06-27T01:47:58.821Z-error: Error creating doctor: error: database "gestion_cita1" does not exist
2023-06-27T01:49:53.059Z-error: Internal Server Error
2023-06-27T01:51:37.498Z-error: Internal Server Error
2023-06-27T01:55:16.345Z-error: Internal Server Error
2023-06-27T01:56:12.028Z-error: Internal Server Error
2023-06-27T01:58:30.355Z-error: Internal Server Error
2023-06-27T01:59:01.302Z-error: Internal Server Error
2023-06-27T01:59:25.024Z-error: Internal Server Error
2023-06-27T02:00:21.178Z-error: Internal Server Error
2023-06-27T02:01:08.224Z-error: Internal Server Error
2023-06-27T02:02:44.525Z-error: Internal Server Error
2023-06-27T02:06:19.746Z-error: Internal Server Error
2023-06-27T02:07:34.490Z-error: Internal Server Error
2023-06-27T02:08:31.577Z-error: Internal Server Error
2023-06-27T02:20:32.414Z-error: Internal Server Error
2023-06-27T02:21:11.020Z-info: Server is listening on port 8087
2023-06-27T02:21:15.779Z-error: Failed to create a doctor
2023-06-27T02:23:17.697Z-info: Server is listening on port 8087
2023-06-27T02:24:00.394Z-error: Failed to create a doctor
2023-06-27T02:26:42.540Z-info: Server is listening on port 8087
2023-06-27T02:26:59.579Z-error: Failed to create doctor from repository
2023-06-27T02:28:31.222Z-info: Server is listening on port 8087
2023-06-27T02:28:33.727Z-error: Failed to create doctor dubt: error: database "gestion_cita1" does not exist
2023-06-27T02:40:01.574Z-info: Server is listening on port 8087
2023-06-27T02:40:08.146Z-error: Failed to create doctor dubt: error: database "gestion_cita1" does not exist
2023-06-27T02:40:42.127Z-info: Server is listening on port 8087
2023-06-27T02:40:45.119Z-error: Failed to create doctor dubt: error: database "gestion_cita1" does not exist
2023-06-27T02:43:08.101Z-info: Server is listening on port 8087
2023-06-27T02:43:17.486Z-error: Failed to create doctor dubt: error: database "gestion_cita1" does not exist
2023-06-27T03:58:33.061Z-info: Server is listening on port 8087
2023-06-27T03:58:50.981Z-error: Record has not found yet
2023-06-27T04:03:48.472Z-info: Server is listening on port 8087
2023-06-27T04:06:28.366Z-info: Server is listening on port 8087
2023-06-27T04:06:37.168Z-info: 1
2023-06-27T04:06:37.214Z-error: Record has not found yet
2023-06-27T04:07:26.863Z-info: Server is listening on port 8087
2023-06-27T04:07:29.330Z-info: 1
2023-06-27T04:07:29.375Z-error: Record has not found yet
2023-06-27T04:10:06.628Z-info: Server is listening on port 8087
2023-06-27T04:10:09.592Z-info: 1
2023-06-27T04:10:09.642Z-error: Failed get doctor by id in repository [object Object]
2023-06-27T04:10:09.643Z-error: Record has not found yet
2023-06-27T04:11:11.017Z-info: Server is listening on port 8087
2023-06-27T04:11:13.201Z-info: 1
2023-06-27T04:11:13.247Z-error: Record has not found yet
2023-06-27T04:13:41.645Z-info: Server is listening on port 8087
2023-06-27T04:13:43.278Z-info: 1
2023-06-27T04:27:31.034Z-error: Internal Server Error
2023-06-27T04:29:13.269Z-error: Internal Server Error
2023-06-27T04:29:38.496Z-error: Internal Server Error
2023-06-27T04:33:22.264Z-error: Internal Server Error
2023-06-27T04:33:22.275Z-error: Record has not found yet
2023-06-27T04:34:06.106Z-error: Internal Server Error
2023-06-27T04:34:06.115Z-error: Record has not found yet
2023-06-27T04:34:38.603Z-error: Internal Server Error
2023-06-27T04:34:38.615Z-error: Record has not found yet
2023-06-27T04:39:02.007Z-error: Internal Server Error
2023-06-27T04:39:02.021Z-error: Record has not found yet
2023-06-27T04:39:02.022Z-error: Internal Server Error
2023-06-27T04:39:30.234Z-error: Internal Server Error
2023-06-27T04:39:30.246Z-error: Record has not found yet
2023-06-27T04:39:30.247Z-error: Internal Server Error
2023-06-27T04:50:46.633Z-error: Internal Server Error
2023-06-27T04:50:46.645Z-error: Record has not found yet
2023-06-27T04:50:46.648Z-error: Internal Server Error
2023-06-27T04:50:57.756Z-error: Internal Server Error
2023-06-27T04:50:57.770Z-error: Record has not found yet
2023-06-27T04:50:57.772Z-error: Internal Server Error
2023-06-27T04:51:18.011Z-error: Internal Server Error
2023-06-27T04:51:18.021Z-error: Record has not found yet
2023-06-27T04:51:18.023Z-error: Internal Server Error
2023-06-27T04:54:33.906Z-error: Internal Server Error
2023-06-27T04:54:33.915Z-error: Record has not found yet
2023-06-27T04:54:33.917Z-error: Internal Server Error
2023-06-27T04:59:02.973Z-error: Internal Server Error
2023-06-27T04:59:02.983Z-error: Record has not found yet
2023-06-27T04:59:02.985Z-error: Internal Server Error
2023-06-27T05:00:48.383Z-error: Internal Server Error
2023-06-27T05:00:48.393Z-error: Record has not found yet
2023-06-27T05:00:48.395Z-error: Internal Server Error
2023-06-27T16:41:10.341Z-info: Server is listening on port 8087
2023-06-27T16:41:59.676Z-info: Server is listening on port 8087
2023-06-27T16:43:19.802Z-error: Failed to update doctor from service
2023-06-27T16:43:19.804Z-error: Failed to update doctor
2023-06-27T16:45:29.565Z-info: Server is listening on port 8087
2023-06-28T03:48:54.592Z-info: Server is listening on port 8087
2023-06-28T04:39:45.890Z-info: Server is listening on port 8087
2023-06-28T04:43:39.710Z-error: Failed to create doctor dubt: error: database "gestion_citas" does not exist
2023-06-28T05:01:44.483Z-error: Failed get doctor by id in repository [object Object]
2023-06-28T05:01:44.484Z-error: Failed to update doctor from service
2023-06-28T05:01:44.486Z-error: Failed to update doctor
2023-06-28T05:01:59.873Z-error: Failed get doctor by id in repository [object Object]
2023-06-28T05:01:59.873Z-error: Record has not found yet
2023-06-28T05:10:54.529Z-error: Failed to create doctor dubt: error: database "gestion_citas" does not exist
2023-06-28T05:16:53.633Z-info: Server is listening on port 8087
2023-06-28T05:23:41.822Z-error: Failed get doctor by id in repository [object Object]
2023-06-28T05:23:41.823Z-error: Failed to update doctor from service
2023-06-28T05:23:41.824Z-error: Failed to update doctor
2023-06-28T05:25:23.788Z-info: Server is listening on port 8087
2023-06-28T05:28:16.618Z-info: Server is listening on port 8087
2023-06-28T05:34:21.372Z-info: Server is listening on port 8087
2023-06-28T15:19:21.448Z-info: Server is listening on port 8087
2023-06-28T16:18:40.954Z-info: Server is listening on port 8087
2023-06-28T16:21:13.428Z-error: Record has not found yet
2023-06-28T16:31:52.192Z-info: Server is listening on port 8087
2023-06-28T16:32:01.333Z-error: Id must be a number
2023-06-28T20:24:22.785Z-info: Server is listening on port 8087
2023-06-28T20:24:35.152Z-error: Failed to create appointment from service
2023-06-28T20:30:26.278Z-info: Server is listening on port 8087
2023-06-28T20:30:31.342Z-error: Failed to create appointment from service
2023-06-28T20:31:21.783Z-info: Server is listening on port 8087
2023-06-28T20:31:30.057Z-error: Failed to create appointment from service
2023-06-28T20:33:55.747Z-info: Server is listening on port 8087
2023-06-28T20:34:01.982Z-error: Failed to create appointment from service
2023-06-28T20:36:14.027Z-info: Server is listening on port 8087
2023-06-28T20:36:18.549Z-error: Failed to create appointment from service
2023-06-28T20:36:21.627Z-error: Failed to create appointment from service
2023-06-28T20:39:46.073Z-info: Server is listening on port 8087
2023-06-28T20:44:10.804Z-error: Failed to create appointment from service
2023-06-28T20:55:26.987Z-info: Server is listening on port 8087
2023-06-28T20:55:49.982Z-error: Failed to create appointment from service
2023-06-28T20:56:00.240Z-error: Failed to create appointment from service
2023-06-28T20:59:05.245Z-error: Failed to create appointment from service
2023-06-28T21:04:28.703Z-info: Server is listening on port 8087
2023-06-28T21:04:33.261Z-error: Failed to create appointment dubt: error: insert into "citas" ("especialidad", "horario", "id_doctor", "identificacion_paciente") values ($1, $2, $3, $4) returning * - insert or update on table "citas" violates foreign key constraint "fk_pacientes"
2023-06-28T21:04:33.263Z-error: Failed to create appointment from service
2023-06-28T21:53:57.328Z-info: Server is listening on port 8087
2023-06-28T21:54:26.037Z-error: Failed to get appointment from service
2023-06-28T21:54:26.038Z-error: Record has not found yet
2023-06-28T21:57:39.989Z-info: Server is listening on port 8087
2023-06-28T21:58:01.381Z-error: Failed to get appointment from service
2023-06-28T21:58:01.382Z-error: Record has not found yet
2023-06-29T01:55:05.840Z-info: Server is listening on port 8087
2023-06-29T01:55:34.900Z-info: Server is listening on port 8087
2023-06-29T01:56:07.579Z-error: Failed get appointment by id in repository [object Object]
2023-06-29T01:56:07.581Z-error: Failed to get appointment from service
2023-06-29T01:56:07.582Z-error: Record has not found yet
2023-06-29T01:58:45.559Z-info: Server is listening on port 8087
2023-06-29T02:00:17.735Z-info: Server is listening on port 8087
2023-06-29T02:02:53.482Z-info: Server is listening on port 8087
2023-06-29T02:03:36.143Z-info: Server is listening on port 8087
2023-06-29T02:06:22.159Z-info: Server is listening on port 8087
2023-06-29T02:06:26.034Z-error: Failed getting appointments from repository
2023-06-29T02:06:28.210Z-error: Failed getting appointments from repository
2023-06-29T02:09:06.561Z-info: Server is listening on port 8087
2023-06-29T02:09:07.466Z-error: Failed getting appointments from repository
2023-06-29T02:09:07.467Z-error: Failed getting appointments from service
2023-06-29T02:09:09.109Z-error: Failed getting appointments from repository
2023-06-29T02:09:09.111Z-error: Failed getting appointments from service
2023-06-29T02:12:21.530Z-info: Server is listening on port 8087
2023-06-29T02:12:25.300Z-error: Failed getting appointments from repository
2023-06-29T02:43:41.926Z-info: Server is listening on port 8087
2023-06-29T02:45:58.723Z-info: Server is listening on port 8087
2023-06-29T02:47:00.449Z-info: Server is listening on port 8087
2023-06-29T22:04:56.617Z-info: Server is listening on port 8087
2023-06-29T22:06:29.332Z-error: Failed to create doctor dubt: error: insert into "doctores" ("apellido", "consultorio", "create_at", "especialidad", "nombre") values ($1, $2, $3, $4, $5) returning * - column "create_at" of relation "doctores" does not exist
2023-06-29T22:08:11.180Z-info: Server is listening on port 8087
2023-07-02T16:48:51.278Z-info: Server is listening on port 8087
2023-07-02T16:49:17.462Z-error: Failed to create doctor dubt: error: insert into "doctores" ("apellido", "consultorio", "created_at", "especialidad", "nombre", "updated_at") values ($1, $2, $3, $4, $5, $6) returning * - column "updated_at" of relation "doctores" does not exist
2023-07-02T16:52:10.936Z-info: Server is listening on port 8087
2023-07-02T16:55:10.989Z-info: Server is listening on port 8087
2023-07-02T17:03:49.756Z-info: Server is listening on port 8087
2023-07-02T17:07:17.763Z-info: Server is listening on port 8087
2023-07-02T17:23:11.315Z-info: Server is listening on port 8087
2023-07-02T17:25:41.181Z-error: Failed to create patient dubt: error: insert into "pacientes" ("apellido", "createdAt", "identificacion", "nombre", "upadteAt") values ($1, $2, $3, $4, $5) returning * - column "createdAt" of relation "pacientes" does not exist
2023-07-02T17:36:13.591Z-info: Server is listening on port 8087
2023-07-02T17:36:19.584Z-error: Failed to create patient dubt: error: insert into "pacientes" ("apellido", "created_At", "identificacion", "nombre", "update_At") values ($1, $2, $3, $4, $5) returning * - column "created_At" of relation "pacientes" does not exist
2023-07-02T17:39:27.134Z-info: Server is listening on port 8087
2023-07-02T18:01:48.826Z-info: Server is listening on port 8087
2023-07-02T18:02:05.971Z-error: Record has not found yet
2023-07-02T18:02:09.840Z-error: Record has not found yet
2023-07-02T18:48:45.958Z-info: Server is listening on port 8087
2023-07-02T18:50:15.618Z-info: Server is listening on port 8087
2023-07-02T18:50:33.150Z-error: Failed get doctor by id in repository [object Object]
2023-07-02T18:50:33.151Z-error: Failed to delete doctor from service
2023-07-02T18:50:33.157Z-error: Failed to delete doctor
2023-07-02T18:50:40.578Z-error: Failed get doctor by id in repository [object Object]
2023-07-02T18:50:40.580Z-error: Failed to update doctor from service
2023-07-02T18:50:40.581Z-error: Failed to update doctor
2023-07-02T18:50:54.836Z-error: Failed to create doctor
2023-07-02T18:51:05.112Z-error: Failed to create patient
2023-07-02T18:51:10.001Z-error: Failed to create appointment
2023-07-02T18:51:10.003Z-error: Failed to create appointment
2023-07-02T18:51:21.014Z-error: Failed to create appointment
2023-07-02T18:51:21.016Z-error: Failed to create appointment
2023-07-02T18:51:25.721Z-error: Failed getting appointments from repository
2023-07-02T18:52:19.898Z-info: Server is listening on port 8087
2023-07-02T18:52:40.756Z-error: Failed to delete doctor from service
2023-07-02T18:52:40.757Z-error: Failed to delete doctor
2023-07-02T18:52:51.302Z-error: Failed to delete doctor from service
2023-07-02T18:52:51.303Z-error: Failed to delete doctor
2023-07-02T18:53:36.263Z-error: Failed to update doctor from service
2023-07-02T18:53:36.265Z-error: Failed to update doctor
2023-07-02T18:54:28.104Z-error: Failed to create patient
2023-07-02T18:56:03.504Z-error: Failed to create appointment
2023-07-02T18:56:03.506Z-error: Failed to create appointment
2023-07-02T18:56:32.353Z-error: Failed to create appointment
2023-07-02T18:56:32.354Z-error: Failed to create appointment
2023-07-02T18:56:47.264Z-error: Failed to create appointment
2023-07-02T18:56:47.265Z-error: Failed to create appointment
2023-07-02T18:57:16.092Z-error: Failed to create appointment
2023-07-02T18:57:16.093Z-error: Failed to create appointment
