2023-06-27T01:21:18.628Z-error: Unexpected token } in JSON at position 98
2023-06-27T01:25:51.454Z-error: Unexpected token } in JSON at position 98
2023-06-27T01:26:13.232Z-error: Unexpected token ' in JSON at position 17
2023-06-27T01:32:51.516Z-error: database "gestion_cita1" does not exist
2023-06-27T01:40:37.456Z-error: database "gestion_cita1" does not exist
2023-06-27T01:40:37.457Z-error: Error creating doctor: error: database "gestion_cita1" does not exist
2023-06-27T01:47:58.821Z-error: Error creating doctor: error: database "gestion_cita1" does not exist
2023-06-27T01:49:53.059Z-error: Internal Server Error
2023-06-27T01:51:37.498Z-error: Internal Server Error
2023-06-27T01:55:16.345Z-error: Internal Server Error
2023-06-27T01:56:12.028Z-error: Internal Server Error
2023-06-27T01:58:30.355Z-error: Internal Server Error
2023-06-27T01:59:01.302Z-error: Internal Server Error
2023-06-27T01:59:25.024Z-error: Internal Server Error
2023-06-27T02:00:21.178Z-error: Internal Server Error
2023-06-27T02:01:08.224Z-error: Internal Server Error
2023-06-27T02:02:44.525Z-error: Internal Server Error
2023-06-27T02:06:19.746Z-error: Internal Server Error
2023-06-27T02:07:34.490Z-error: Internal Server Error
2023-06-27T02:08:31.577Z-error: Internal Server Error
2023-06-27T02:20:32.414Z-error: Internal Server Error
2023-06-27T02:21:15.779Z-error: Failed to create a doctor
2023-06-27T02:24:00.394Z-error: Failed to create a doctor
2023-06-27T02:26:59.579Z-error: Failed to create doctor from repository
2023-06-27T02:28:33.727Z-error: Failed to create doctor dubt: error: database "gestion_cita1" does not exist
2023-06-27T02:40:08.146Z-error: Failed to create doctor dubt: error: database "gestion_cita1" does not exist
2023-06-27T02:40:45.119Z-error: Failed to create doctor dubt: error: database "gestion_cita1" does not exist
2023-06-27T02:43:17.486Z-error: Failed to create doctor dubt: error: database "gestion_cita1" does not exist
2023-06-27T03:58:50.981Z-error: Record has not found yet
2023-06-27T04:06:37.214Z-error: Record has not found yet
2023-06-27T04:07:29.375Z-error: Record has not found yet
2023-06-27T04:10:09.642Z-error: Failed get doctor by id in repository [object Object]
2023-06-27T04:10:09.643Z-error: Record has not found yet
2023-06-27T04:11:13.247Z-error: Record has not found yet
2023-06-27T04:27:31.034Z-error: Internal Server Error
2023-06-27T04:29:13.269Z-error: Internal Server Error
2023-06-27T04:29:38.496Z-error: Internal Server Error
2023-06-27T04:33:22.264Z-error: Internal Server Error
2023-06-27T04:33:22.275Z-error: Record has not found yet
2023-06-27T04:34:06.106Z-error: Internal Server Error
2023-06-27T04:34:06.115Z-error: Record has not found yet
2023-06-27T04:34:38.603Z-error: Internal Server Error
2023-06-27T04:34:38.615Z-error: Record has not found yet
2023-06-27T04:39:02.007Z-error: Internal Server Error
2023-06-27T04:39:02.021Z-error: Record has not found yet
2023-06-27T04:39:02.022Z-error: Internal Server Error
2023-06-27T04:39:30.234Z-error: Internal Server Error
2023-06-27T04:39:30.246Z-error: Record has not found yet
2023-06-27T04:39:30.247Z-error: Internal Server Error
2023-06-27T04:50:46.633Z-error: Internal Server Error
2023-06-27T04:50:46.645Z-error: Record has not found yet
2023-06-27T04:50:46.648Z-error: Internal Server Error
2023-06-27T04:50:57.756Z-error: Internal Server Error
2023-06-27T04:50:57.770Z-error: Record has not found yet
2023-06-27T04:50:57.772Z-error: Internal Server Error
2023-06-27T04:51:18.011Z-error: Internal Server Error
2023-06-27T04:51:18.021Z-error: Record has not found yet
2023-06-27T04:51:18.023Z-error: Internal Server Error
2023-06-27T04:54:33.906Z-error: Internal Server Error
2023-06-27T04:54:33.915Z-error: Record has not found yet
2023-06-27T04:54:33.917Z-error: Internal Server Error
2023-06-27T04:59:02.973Z-error: Internal Server Error
2023-06-27T04:59:02.983Z-error: Record has not found yet
2023-06-27T04:59:02.985Z-error: Internal Server Error
2023-06-27T05:00:48.383Z-error: Internal Server Error
2023-06-27T05:00:48.393Z-error: Record has not found yet
2023-06-27T05:00:48.395Z-error: Internal Server Error
2023-06-27T16:43:19.802Z-error: Failed to update doctor from service
2023-06-27T16:43:19.804Z-error: Failed to update doctor
2023-06-28T04:43:39.710Z-error: Failed to create doctor dubt: error: database "gestion_citas" does not exist
2023-06-28T05:01:44.483Z-error: Failed get doctor by id in repository [object Object]
2023-06-28T05:01:44.484Z-error: Failed to update doctor from service
2023-06-28T05:01:44.486Z-error: Failed to update doctor
2023-06-28T05:01:59.873Z-error: Failed get doctor by id in repository [object Object]
2023-06-28T05:01:59.873Z-error: Record has not found yet
2023-06-28T05:10:54.529Z-error: Failed to create doctor dubt: error: database "gestion_citas" does not exist
2023-06-28T05:23:41.822Z-error: Failed get doctor by id in repository [object Object]
2023-06-28T05:23:41.823Z-error: Failed to update doctor from service
2023-06-28T05:23:41.824Z-error: Failed to update doctor
2023-06-28T16:21:13.428Z-error: Record has not found yet
2023-06-28T16:32:01.333Z-error: Id must be a number
2023-06-28T20:24:35.152Z-error: Failed to create appointment from service
2023-06-28T20:30:31.342Z-error: Failed to create appointment from service
2023-06-28T20:31:30.057Z-error: Failed to create appointment from service
2023-06-28T20:34:01.982Z-error: Failed to create appointment from service
2023-06-28T20:36:18.549Z-error: Failed to create appointment from service
2023-06-28T20:36:21.627Z-error: Failed to create appointment from service
2023-06-28T20:44:10.804Z-error: Failed to create appointment from service
2023-06-28T20:55:49.982Z-error: Failed to create appointment from service
2023-06-28T20:56:00.240Z-error: Failed to create appointment from service
2023-06-28T20:59:05.245Z-error: Failed to create appointment from service
2023-06-28T21:04:33.261Z-error: Failed to create appointment dubt: error: insert into "citas" ("especialidad", "horario", "id_doctor", "identificacion_paciente") values ($1, $2, $3, $4) returning * - insert or update on table "citas" violates foreign key constraint "fk_pacientes"
2023-06-28T21:04:33.263Z-error: Failed to create appointment from service
2023-06-28T21:54:26.037Z-error: Failed to get appointment from service
2023-06-28T21:54:26.038Z-error: Record has not found yet
2023-06-28T21:58:01.381Z-error: Failed to get appointment from service
2023-06-28T21:58:01.382Z-error: Record has not found yet
2023-06-29T01:56:07.579Z-error: Failed get appointment by id in repository [object Object]
2023-06-29T01:56:07.581Z-error: Failed to get appointment from service
2023-06-29T01:56:07.582Z-error: Record has not found yet
2023-06-29T02:06:26.034Z-error: Failed getting appointments from repository
2023-06-29T02:06:28.210Z-error: Failed getting appointments from repository
2023-06-29T02:09:07.466Z-error: Failed getting appointments from repository
2023-06-29T02:09:07.467Z-error: Failed getting appointments from service
2023-06-29T02:09:09.109Z-error: Failed getting appointments from repository
2023-06-29T02:09:09.111Z-error: Failed getting appointments from service
2023-06-29T02:12:25.300Z-error: Failed getting appointments from repository
2023-06-29T22:06:29.332Z-error: Failed to create doctor dubt: error: insert into "doctores" ("apellido", "consultorio", "create_at", "especialidad", "nombre") values ($1, $2, $3, $4, $5) returning * - column "create_at" of relation "doctores" does not exist
2023-07-02T16:49:17.462Z-error: Failed to create doctor dubt: error: insert into "doctores" ("apellido", "consultorio", "created_at", "especialidad", "nombre", "updated_at") values ($1, $2, $3, $4, $5, $6) returning * - column "updated_at" of relation "doctores" does not exist
2023-07-02T17:25:41.181Z-error: Failed to create patient dubt: error: insert into "pacientes" ("apellido", "createdAt", "identificacion", "nombre", "upadteAt") values ($1, $2, $3, $4, $5) returning * - column "createdAt" of relation "pacientes" does not exist
2023-07-02T17:36:19.584Z-error: Failed to create patient dubt: error: insert into "pacientes" ("apellido", "created_At", "identificacion", "nombre", "update_At") values ($1, $2, $3, $4, $5) returning * - column "created_At" of relation "pacientes" does not exist
2023-07-02T18:02:05.971Z-error: Record has not found yet
2023-07-02T18:02:09.840Z-error: Record has not found yet
2023-07-02T18:50:33.150Z-error: Failed get doctor by id in repository [object Object]
2023-07-02T18:50:33.151Z-error: Failed to delete doctor from service
2023-07-02T18:50:33.157Z-error: Failed to delete doctor
2023-07-02T18:50:40.578Z-error: Failed get doctor by id in repository [object Object]
2023-07-02T18:50:40.580Z-error: Failed to update doctor from service
2023-07-02T18:50:40.581Z-error: Failed to update doctor
2023-07-02T18:50:54.836Z-error: Failed to create doctor
2023-07-02T18:51:05.112Z-error: Failed to create patient
2023-07-02T18:51:10.001Z-error: Failed to create appointment
2023-07-02T18:51:10.003Z-error: Failed to create appointment
2023-07-02T18:51:21.014Z-error: Failed to create appointment
2023-07-02T18:51:21.016Z-error: Failed to create appointment
2023-07-02T18:51:25.721Z-error: Failed getting appointments from repository
2023-07-02T18:52:40.756Z-error: Failed to delete doctor from service
2023-07-02T18:52:40.757Z-error: Failed to delete doctor
2023-07-02T18:52:51.302Z-error: Failed to delete doctor from service
2023-07-02T18:52:51.303Z-error: Failed to delete doctor
2023-07-02T18:53:36.263Z-error: Failed to update doctor from service
2023-07-02T18:53:36.265Z-error: Failed to update doctor
2023-07-02T18:54:28.104Z-error: Failed to create patient
2023-07-02T18:56:03.504Z-error: Failed to create appointment
2023-07-02T18:56:03.506Z-error: Failed to create appointment
2023-07-02T18:56:32.353Z-error: Failed to create appointment
2023-07-02T18:56:32.354Z-error: Failed to create appointment
2023-07-02T18:56:47.264Z-error: Failed to create appointment
2023-07-02T18:56:47.265Z-error: Failed to create appointment
2023-07-02T18:57:16.092Z-error: Failed to create appointment
2023-07-02T18:57:16.093Z-error: Failed to create appointment
2023-07-02T19:47:35.050Z-error: Cannot read properties of undefined (reading 'nombre')
2023-07-02T19:47:35.051Z-error: Failed to create appointment
2023-07-02T19:48:13.168Z-error: Cannot read properties of undefined (reading 'nombre')
2023-07-02T19:48:13.169Z-error: Failed to create appointment
2023-07-02T19:50:17.653Z-error: Doctor not found
2023-07-02T19:50:17.654Z-error: Failed to create appointment
2023-07-02T19:51:12.879Z-error: Doctor not found
2023-07-02T19:51:12.880Z-error: Failed to create appointment
2023-07-02T19:56:23.532Z-error: Record has not found yet
2023-07-02T19:56:23.533Z-error: Doctor not Found
2023-07-02T20:09:01.522Z-error: Record has not found yet
2023-07-02T20:09:01.523Z-error: Doctor not Found
2023-07-02T20:09:51.892Z-error: Failed to create appointment
2023-07-02T20:09:51.893Z-error: Failed to create appointment
2023-07-02T20:10:06.732Z-error: Record has not found yet
2023-07-02T20:10:06.733Z-error: Doctor not Found
2023-07-02T20:12:04.849Z-error: Record has not found yet
2023-07-02T20:12:04.850Z-error: Doctor not Found
2023-07-03T01:00:01.072Z-error: Failed to get appointment from service
2023-07-03T01:00:01.074Z-error: Record has not found yet
2023-07-03T01:01:03.420Z-error: Failed updated patient in repository [object Object]
2023-07-03T01:15:04.688Z-error: Failed to update patient from service: RecordNotFound: Record has not found yet
2023-07-03T01:15:04.689Z-error: Failed to update patient
2023-07-03T01:16:38.265Z-error: Failed to update patient from service: RecordNotFound: Record has not found yet
2023-07-03T01:16:38.266Z-error: Failed to update patient
2023-07-03T01:20:23.796Z-error: Record has not found yet
2023-07-03T01:20:23.797Z-error: Patient not Found
2023-07-03T01:28:44.966Z-error: Record has not found yet
2023-07-03T01:28:44.967Z-error: Patient not Found
2023-07-03T01:28:55.113Z-error: Failed updated patient in repository [object Object]
2023-07-03T01:31:04.442Z-error: Record has not found yet
2023-07-03T01:31:04.443Z-error: Doctor not Found
2023-07-04T01:53:50.886Z-error: Record has not found yet
2023-07-04T01:53:50.887Z-error: Doctor not Found
2023-07-04T01:54:38.987Z-error: Failed updated doctor in repository [object Object]
2023-07-04T02:01:37.050Z-error: Failed updated doctor in repository [object Object]
2023-07-04T02:02:12.771Z-error: Record has not found yet
2023-07-04T02:02:12.772Z-error: Doctor not Found
2023-07-04T02:15:31.198Z-error: Failed updated patient in repository [object Object]
2023-07-04T02:16:15.435Z-error: Failed updated patient in repository [object Object]
